{"D:\\H8\\ask-dev\\SERVER\\app.js": {"path":"D:\\H8\\ask-dev\\SERVER\\app.js","statementMap":{"0":{"start":{"line":3,"column":0},"end":{"line":3,"column":27}},"1":{"start":{"line":4,"column":16},"end":{"line":4,"column":34}},"2":{"start":{"line":5,"column":12},"end":{"line":5,"column":21}},"3":{"start":{"line":6,"column":13},"end":{"line":6,"column":28}},"4":{"start":{"line":7,"column":21},"end":{"line":7,"column":59}},"5":{"start":{"line":8,"column":15},"end":{"line":8,"column":40}},"6":{"start":{"line":9,"column":0},"end":{"line":9,"column":48}},"7":{"start":{"line":10,"column":0},"end":{"line":10,"column":24}},"8":{"start":{"line":11,"column":0},"end":{"line":11,"column":15}},"9":{"start":{"line":12,"column":0},"end":{"line":12,"column":20}},"10":{"start":{"line":13,"column":0},"end":{"line":13,"column":21}},"11":{"start":{"line":15,"column":0},"end":{"line":15,"column":21}}},"fnMap":{},"branchMap":{},"s":{"0":1,"1":1,"2":1,"3":1,"4":1,"5":1,"6":1,"7":1,"8":1,"9":1,"10":1,"11":1},"f":{},"b":{},"_coverageSchema":"1a1c01bbd47fc00a2c39e90264f33305004495a9","hash":"046f39126b02d3a7658d7ab3b943c6f26d2c88bd"}
,"D:\\H8\\ask-dev\\SERVER\\controllers\\answerController.js": {"path":"D:\\H8\\ask-dev\\SERVER\\controllers\\answerController.js","statementMap":{"0":{"start":{"line":1,"column":25},"end":{"line":1,"column":45}},"1":{"start":{"line":5,"column":4},"end":{"line":21,"column":9}},"2":{"start":{"line":17,"column":8},"end":{"line":17,"column":35}},"3":{"start":{"line":20,"column":8},"end":{"line":20,"column":18}},"4":{"start":{"line":25,"column":4},"end":{"line":36,"column":9}},"5":{"start":{"line":32,"column":8},"end":{"line":32,"column":35}},"6":{"start":{"line":35,"column":8},"end":{"line":35,"column":18}},"7":{"start":{"line":40,"column":28},"end":{"line":40,"column":36}},"8":{"start":{"line":43,"column":4},"end":{"line":60,"column":9}},"9":{"start":{"line":56,"column":8},"end":{"line":56,"column":66}},"10":{"start":{"line":59,"column":8},"end":{"line":59,"column":18}},"11":{"start":{"line":64,"column":28},"end":{"line":64,"column":36}},"12":{"start":{"line":66,"column":4},"end":{"line":76,"column":9}},"13":{"start":{"line":72,"column":8},"end":{"line":72,"column":35}},"14":{"start":{"line":75,"column":8},"end":{"line":75,"column":18}},"15":{"start":{"line":80,"column":4},"end":{"line":93,"column":9}},"16":{"start":{"line":88,"column":8},"end":{"line":88,"column":66}},"17":{"start":{"line":91,"column":8},"end":{"line":91,"column":34}},"18":{"start":{"line":92,"column":8},"end":{"line":92,"column":18}},"19":{"start":{"line":97,"column":0},"end":{"line":97,"column":34}}},"fnMap":{"0":{"name":"(anonymous_0)","decl":{"start":{"line":4,"column":2},"end":{"line":4,"column":3}},"loc":{"start":{"line":4,"column":36},"end":{"line":22,"column":3}},"line":4},"1":{"name":"(anonymous_1)","decl":{"start":{"line":16,"column":12},"end":{"line":16,"column":13}},"loc":{"start":{"line":16,"column":22},"end":{"line":18,"column":7}},"line":16},"2":{"name":"(anonymous_2)","decl":{"start":{"line":19,"column":13},"end":{"line":19,"column":14}},"loc":{"start":{"line":19,"column":22},"end":{"line":21,"column":7}},"line":19},"3":{"name":"(anonymous_3)","decl":{"start":{"line":24,"column":2},"end":{"line":24,"column":3}},"loc":{"start":{"line":24,"column":40},"end":{"line":37,"column":3}},"line":24},"4":{"name":"(anonymous_4)","decl":{"start":{"line":31,"column":12},"end":{"line":31,"column":13}},"loc":{"start":{"line":31,"column":22},"end":{"line":33,"column":7}},"line":31},"5":{"name":"(anonymous_5)","decl":{"start":{"line":34,"column":13},"end":{"line":34,"column":14}},"loc":{"start":{"line":34,"column":22},"end":{"line":36,"column":7}},"line":34},"6":{"name":"(anonymous_6)","decl":{"start":{"line":39,"column":2},"end":{"line":39,"column":3}},"loc":{"start":{"line":39,"column":37},"end":{"line":61,"column":3}},"line":39},"7":{"name":"(anonymous_7)","decl":{"start":{"line":55,"column":12},"end":{"line":55,"column":13}},"loc":{"start":{"line":55,"column":19},"end":{"line":57,"column":7}},"line":55},"8":{"name":"(anonymous_8)","decl":{"start":{"line":58,"column":13},"end":{"line":58,"column":14}},"loc":{"start":{"line":58,"column":22},"end":{"line":60,"column":7}},"line":58},"9":{"name":"(anonymous_9)","decl":{"start":{"line":63,"column":2},"end":{"line":63,"column":3}},"loc":{"start":{"line":63,"column":39},"end":{"line":77,"column":3}},"line":63},"10":{"name":"(anonymous_10)","decl":{"start":{"line":71,"column":12},"end":{"line":71,"column":13}},"loc":{"start":{"line":71,"column":22},"end":{"line":73,"column":7}},"line":71},"11":{"name":"(anonymous_11)","decl":{"start":{"line":74,"column":13},"end":{"line":74,"column":14}},"loc":{"start":{"line":74,"column":22},"end":{"line":76,"column":7}},"line":74},"12":{"name":"(anonymous_12)","decl":{"start":{"line":79,"column":2},"end":{"line":79,"column":3}},"loc":{"start":{"line":79,"column":39},"end":{"line":94,"column":3}},"line":79},"13":{"name":"(anonymous_13)","decl":{"start":{"line":87,"column":12},"end":{"line":87,"column":13}},"loc":{"start":{"line":87,"column":18},"end":{"line":89,"column":7}},"line":87},"14":{"name":"(anonymous_14)","decl":{"start":{"line":90,"column":13},"end":{"line":90,"column":14}},"loc":{"start":{"line":90,"column":22},"end":{"line":93,"column":7}},"line":90}},"branchMap":{},"s":{"0":1,"1":0,"2":0,"3":0,"4":0,"5":0,"6":0,"7":0,"8":0,"9":0,"10":0,"11":0,"12":0,"13":0,"14":0,"15":0,"16":0,"17":0,"18":0,"19":1},"f":{"0":0,"1":0,"2":0,"3":0,"4":0,"5":0,"6":0,"7":0,"8":0,"9":0,"10":0,"11":0,"12":0,"13":0,"14":0},"b":{},"_coverageSchema":"1a1c01bbd47fc00a2c39e90264f33305004495a9","hash":"fbf24790934228ace85e6fb385a7e619b2d173b7"}
,"D:\\H8\\ask-dev\\SERVER\\controllers\\postController.js": {"path":"D:\\H8\\ask-dev\\SERVER\\controllers\\postController.js","statementMap":{"0":{"start":{"line":1,"column":31},"end":{"line":1,"column":57}},"1":{"start":{"line":5,"column":4},"end":{"line":20,"column":5}},"2":{"start":{"line":6,"column":20},"end":{"line":16,"column":8}},"3":{"start":{"line":17,"column":6},"end":{"line":17,"column":34}},"4":{"start":{"line":19,"column":6},"end":{"line":19,"column":18}},"5":{"start":{"line":23,"column":15},"end":{"line":23,"column":32}},"6":{"start":{"line":24,"column":4},"end":{"line":38,"column":5}},"7":{"start":{"line":25,"column":19},"end":{"line":34,"column":8}},"8":{"start":{"line":35,"column":6},"end":{"line":35,"column":33}},"9":{"start":{"line":37,"column":6},"end":{"line":37,"column":18}},"10":{"start":{"line":41,"column":4},"end":{"line":59,"column":5}},"11":{"start":{"line":42,"column":20},"end":{"line":55,"column":8}},"12":{"start":{"line":56,"column":6},"end":{"line":56,"column":34}},"13":{"start":{"line":58,"column":6},"end":{"line":58,"column":18}},"14":{"start":{"line":62,"column":17},"end":{"line":62,"column":33}},"15":{"start":{"line":63,"column":48},"end":{"line":63,"column":56}},"16":{"start":{"line":64,"column":4},"end":{"line":74,"column":5}},"17":{"start":{"line":65,"column":19},"end":{"line":70,"column":8}},"18":{"start":{"line":71,"column":6},"end":{"line":71,"column":33}},"19":{"start":{"line":73,"column":6},"end":{"line":73,"column":18}},"20":{"start":{"line":77,"column":17},"end":{"line":77,"column":33}},"21":{"start":{"line":78,"column":15},"end":{"line":78,"column":32}},"22":{"start":{"line":79,"column":48},"end":{"line":79,"column":56}},"23":{"start":{"line":80,"column":4},"end":{"line":99,"column":5}},"24":{"start":{"line":81,"column":19},"end":{"line":94,"column":7}},"25":{"start":{"line":95,"column":6},"end":{"line":95,"column":61}},"26":{"start":{"line":98,"column":6},"end":{"line":98,"column":18}},"27":{"start":{"line":102,"column":17},"end":{"line":102,"column":33}},"28":{"start":{"line":103,"column":15},"end":{"line":103,"column":32}},"29":{"start":{"line":104,"column":4},"end":{"line":109,"column":7}},"30":{"start":{"line":110,"column":4},"end":{"line":110,"column":62}},"31":{"start":{"line":113,"column":0},"end":{"line":113,"column":32}}},"fnMap":{"0":{"name":"(anonymous_0)","decl":{"start":{"line":4,"column":2},"end":{"line":4,"column":3}},"loc":{"start":{"line":4,"column":38},"end":{"line":21,"column":3}},"line":4},"1":{"name":"(anonymous_1)","decl":{"start":{"line":22,"column":2},"end":{"line":22,"column":3}},"loc":{"start":{"line":22,"column":39},"end":{"line":39,"column":3}},"line":22},"2":{"name":"(anonymous_2)","decl":{"start":{"line":40,"column":2},"end":{"line":40,"column":3}},"loc":{"start":{"line":40,"column":45},"end":{"line":60,"column":3}},"line":40},"3":{"name":"(anonymous_3)","decl":{"start":{"line":61,"column":2},"end":{"line":61,"column":3}},"loc":{"start":{"line":61,"column":38},"end":{"line":75,"column":3}},"line":61},"4":{"name":"(anonymous_4)","decl":{"start":{"line":76,"column":2},"end":{"line":76,"column":3}},"loc":{"start":{"line":76,"column":38},"end":{"line":100,"column":3}},"line":76},"5":{"name":"(anonymous_5)","decl":{"start":{"line":101,"column":2},"end":{"line":101,"column":3}},"loc":{"start":{"line":101,"column":38},"end":{"line":111,"column":3}},"line":101}},"branchMap":{},"s":{"0":1,"1":0,"2":0,"3":0,"4":0,"5":0,"6":0,"7":0,"8":0,"9":0,"10":0,"11":0,"12":0,"13":0,"14":0,"15":0,"16":0,"17":0,"18":0,"19":0,"20":0,"21":0,"22":0,"23":0,"24":0,"25":0,"26":0,"27":0,"28":0,"29":0,"30":0,"31":1},"f":{"0":0,"1":0,"2":0,"3":0,"4":0,"5":0},"b":{},"_coverageSchema":"1a1c01bbd47fc00a2c39e90264f33305004495a9","hash":"912a06aa8249833dd923fbcb779f4d4a24c54329"}
,"D:\\H8\\ask-dev\\SERVER\\controllers\\userController.js": {"path":"D:\\H8\\ask-dev\\SERVER\\controllers\\userController.js","statementMap":{"0":{"start":{"line":1,"column":31},"end":{"line":1,"column":57}},"1":{"start":{"line":2,"column":12},"end":{"line":2,"column":36}},"2":{"start":{"line":3,"column":20},"end":{"line":3,"column":42}},"3":{"start":{"line":4,"column":25},"end":{"line":4,"column":55}},"4":{"start":{"line":5,"column":21},"end":{"line":5,"column":39}},"5":{"start":{"line":6,"column":15},"end":{"line":6,"column":57}},"6":{"start":{"line":7,"column":14},"end":{"line":7,"column":38}},"7":{"start":{"line":8,"column":17},"end":{"line":8,"column":37}},"8":{"start":{"line":9,"column":21},"end":{"line":9,"column":45}},"9":{"start":{"line":13,"column":4},"end":{"line":53,"column":5}},"10":{"start":{"line":14,"column":6},"end":{"line":14,"column":29}},"11":{"start":{"line":15,"column":21},"end":{"line":18,"column":8}},"12":{"start":{"line":19,"column":6},"end":{"line":19,"column":29}},"13":{"start":{"line":20,"column":22},"end":{"line":20,"column":41}},"14":{"start":{"line":21,"column":23},"end":{"line":25,"column":8}},"15":{"start":{"line":26,"column":6},"end":{"line":50,"column":7}},"16":{"start":{"line":27,"column":22},"end":{"line":32,"column":10}},"17":{"start":{"line":33,"column":8},"end":{"line":35,"column":70}},"18":{"start":{"line":37,"column":27},"end":{"line":40,"column":10}},"19":{"start":{"line":41,"column":22},"end":{"line":46,"column":10}},"20":{"start":{"line":47,"column":8},"end":{"line":49,"column":72}},"21":{"start":{"line":52,"column":6},"end":{"line":52,"column":18}},"22":{"start":{"line":56,"column":17},"end":{"line":56,"column":33}},"23":{"start":{"line":57,"column":25},"end":{"line":57,"column":33}},"24":{"start":{"line":58,"column":4},"end":{"line":70,"column":5}},"25":{"start":{"line":59,"column":25},"end":{"line":66,"column":7}},"26":{"start":{"line":67,"column":6},"end":{"line":67,"column":64}},"27":{"start":{"line":69,"column":6},"end":{"line":69,"column":18}},"28":{"start":{"line":73,"column":4},"end":{"line":75,"column":6}},"29":{"start":{"line":78,"column":17},"end":{"line":82,"column":5}},"30":{"start":{"line":84,"column":17},"end":{"line":84,"column":60}},"31":{"start":{"line":85,"column":4},"end":{"line":135,"column":70}},"32":{"start":{"line":88,"column":8},"end":{"line":88,"column":45}},"33":{"start":{"line":91,"column":8},"end":{"line":97,"column":11}},"34":{"start":{"line":100,"column":8},"end":{"line":100,"column":37}},"35":{"start":{"line":101,"column":8},"end":{"line":101,"column":40}},"36":{"start":{"line":102,"column":8},"end":{"line":106,"column":11}},"37":{"start":{"line":109,"column":8},"end":{"line":124,"column":9}},"38":{"start":{"line":110,"column":24},"end":{"line":115,"column":12}},"39":{"start":{"line":116,"column":10},"end":{"line":118,"column":68}},"40":{"start":{"line":120,"column":10},"end":{"line":123,"column":13}},"41":{"start":{"line":127,"column":22},"end":{"line":132,"column":10}},"42":{"start":{"line":133,"column":8},"end":{"line":133,"column":79}},"43":{"start":{"line":135,"column":22},"end":{"line":135,"column":68}},"44":{"start":{"line":139,"column":0},"end":{"line":139,"column":32}}},"fnMap":{"0":{"name":"(anonymous_0)","decl":{"start":{"line":12,"column":2},"end":{"line":12,"column":3}},"loc":{"start":{"line":12,"column":43},"end":{"line":54,"column":3}},"line":12},"1":{"name":"(anonymous_1)","decl":{"start":{"line":55,"column":2},"end":{"line":55,"column":3}},"loc":{"start":{"line":55,"column":46},"end":{"line":71,"column":3}},"line":55},"2":{"name":"(anonymous_2)","decl":{"start":{"line":72,"column":2},"end":{"line":72,"column":3}},"loc":{"start":{"line":72,"column":39},"end":{"line":76,"column":3}},"line":72},"3":{"name":"(anonymous_3)","decl":{"start":{"line":77,"column":2},"end":{"line":77,"column":3}},"loc":{"start":{"line":77,"column":40},"end":{"line":136,"column":3}},"line":77},"4":{"name":"(anonymous_4)","decl":{"start":{"line":87,"column":12},"end":{"line":87,"column":13}},"loc":{"start":{"line":87,"column":26},"end":{"line":89,"column":7}},"line":87},"5":{"name":"(anonymous_5)","decl":{"start":{"line":90,"column":12},"end":{"line":90,"column":13}},"loc":{"start":{"line":90,"column":24},"end":{"line":98,"column":7}},"line":90},"6":{"name":"(anonymous_6)","decl":{"start":{"line":99,"column":12},"end":{"line":99,"column":13}},"loc":{"start":{"line":99,"column":27},"end":{"line":107,"column":7}},"line":99},"7":{"name":"(anonymous_7)","decl":{"start":{"line":108,"column":12},"end":{"line":108,"column":13}},"loc":{"start":{"line":108,"column":22},"end":{"line":125,"column":7}},"line":108},"8":{"name":"(anonymous_8)","decl":{"start":{"line":126,"column":12},"end":{"line":126,"column":13}},"loc":{"start":{"line":126,"column":22},"end":{"line":134,"column":7}},"line":126},"9":{"name":"(anonymous_9)","decl":{"start":{"line":135,"column":13},"end":{"line":135,"column":14}},"loc":{"start":{"line":135,"column":22},"end":{"line":135,"column":68}},"line":135}},"branchMap":{"0":{"loc":{"start":{"line":26,"column":6},"end":{"line":50,"column":7}},"type":"if","locations":[{"start":{"line":26,"column":6},"end":{"line":50,"column":7}},{"start":{"line":26,"column":6},"end":{"line":50,"column":7}}],"line":26},"1":{"loc":{"start":{"line":109,"column":8},"end":{"line":124,"column":9}},"type":"if","locations":[{"start":{"line":109,"column":8},"end":{"line":124,"column":9}},{"start":{"line":109,"column":8},"end":{"line":124,"column":9}}],"line":109}},"s":{"0":1,"1":1,"2":1,"3":1,"4":1,"5":1,"6":1,"7":1,"8":1,"9":1,"10":1,"11":1,"12":0,"13":0,"14":0,"15":0,"16":0,"17":0,"18":0,"19":0,"20":0,"21":1,"22":2,"23":2,"24":2,"25":2,"26":1,"27":1,"28":0,"29":0,"30":0,"31":0,"32":0,"33":0,"34":0,"35":0,"36":0,"37":0,"38":0,"39":0,"40":0,"41":0,"42":0,"43":0,"44":1},"f":{"0":1,"1":2,"2":0,"3":0,"4":0,"5":0,"6":0,"7":0,"8":0,"9":0},"b":{"0":[0,0],"1":[0,0]},"_coverageSchema":"1a1c01bbd47fc00a2c39e90264f33305004495a9","hash":"df1f2a758d98c0b59bc3caf97094f371d62dd5ef"}
,"D:\\H8\\ask-dev\\SERVER\\helper\\jwt.js": {"path":"D:\\H8\\ask-dev\\SERVER\\helper\\jwt.js","statementMap":{"0":{"start":{"line":1,"column":12},"end":{"line":1,"column":35}},"1":{"start":{"line":4,"column":22},"end":{"line":4,"column":55}},"2":{"start":{"line":5,"column":8},"end":{"line":5,"column":20}},"3":{"start":{"line":8,"column":8},"end":{"line":8,"column":52}},"4":{"start":{"line":11,"column":0},"end":{"line":11,"column":20}}},"fnMap":{"0":{"name":"(anonymous_0)","decl":{"start":{"line":3,"column":4},"end":{"line":3,"column":5}},"loc":{"start":{"line":3,"column":20},"end":{"line":6,"column":5}},"line":3},"1":{"name":"(anonymous_1)","decl":{"start":{"line":7,"column":4},"end":{"line":7,"column":5}},"loc":{"start":{"line":7,"column":24},"end":{"line":9,"column":5}},"line":7}},"branchMap":{},"s":{"0":1,"1":2,"2":2,"3":2,"4":1},"f":{"0":2,"1":2},"b":{},"_coverageSchema":"1a1c01bbd47fc00a2c39e90264f33305004495a9","hash":"90793fbecec960abc7afe3b449b2aee64927da10"}
,"D:\\H8\\ask-dev\\SERVER\\midddlewares\\authentication.js": {"path":"D:\\H8\\ask-dev\\SERVER\\midddlewares\\authentication.js","statementMap":{"0":{"start":{"line":1,"column":17},"end":{"line":1,"column":37}},"1":{"start":{"line":2,"column":12},"end":{"line":2,"column":36}},"2":{"start":{"line":3,"column":20},"end":{"line":3,"column":42}},"3":{"start":{"line":5,"column":0},"end":{"line":25,"column":2}},"4":{"start":{"line":6,"column":2},"end":{"line":24,"column":3}},"5":{"start":{"line":7,"column":4},"end":{"line":7,"column":60}},"6":{"start":{"line":9,"column":17},"end":{"line":9,"column":57}},"7":{"start":{"line":10,"column":4},"end":{"line":19,"column":5}},"8":{"start":{"line":11,"column":6},"end":{"line":11,"column":31}},"9":{"start":{"line":12,"column":6},"end":{"line":16,"column":7}},"10":{"start":{"line":18,"column":6},"end":{"line":18,"column":13}},"11":{"start":{"line":22,"column":4},"end":{"line":22,"column":31}},"12":{"start":{"line":23,"column":4},"end":{"line":23,"column":13}}},"fnMap":{"0":{"name":"(anonymous_0)","decl":{"start":{"line":5,"column":17},"end":{"line":5,"column":18}},"loc":{"start":{"line":5,"column":43},"end":{"line":25,"column":1}},"line":5}},"branchMap":{"0":{"loc":{"start":{"line":10,"column":4},"end":{"line":19,"column":5}},"type":"if","locations":[{"start":{"line":10,"column":4},"end":{"line":19,"column":5}},{"start":{"line":10,"column":4},"end":{"line":19,"column":5}}],"line":10}},"s":{"0":1,"1":1,"2":1,"3":1,"4":2,"5":2,"6":2,"7":2,"8":0,"9":0,"10":2,"11":0,"12":0},"f":{"0":2},"b":{"0":[0,2]},"_coverageSchema":"1a1c01bbd47fc00a2c39e90264f33305004495a9","hash":"b7575f6a5ba9cc86924e4d20d3997aa9e4818e78"}
,"D:\\H8\\ask-dev\\SERVER\\midddlewares\\errorHandler.js": {"path":"D:\\H8\\ask-dev\\SERVER\\midddlewares\\errorHandler.js","statementMap":{"0":{"start":{"line":1,"column":0},"end":{"line":46,"column":3}},"1":{"start":{"line":2,"column":21},"end":{"line":2,"column":24}},"2":{"start":{"line":3,"column":18},"end":{"line":3,"column":42}},"3":{"start":{"line":5,"column":4},"end":{"line":40,"column":7}},"4":{"start":{"line":7,"column":8},"end":{"line":7,"column":24}},"5":{"start":{"line":8,"column":8},"end":{"line":8,"column":39}},"6":{"start":{"line":9,"column":8},"end":{"line":9,"column":14}},"7":{"start":{"line":11,"column":8},"end":{"line":11,"column":31}},"8":{"start":{"line":12,"column":8},"end":{"line":12,"column":29}},"9":{"start":{"line":13,"column":8},"end":{"line":13,"column":13}},"10":{"start":{"line":42,"column":4},"end":{"line":42,"column":22}},"11":{"start":{"line":44,"column":4},"end":{"line":44,"column":42}}},"fnMap":{"0":{"name":"(anonymous_0)","decl":{"start":{"line":1,"column":17},"end":{"line":1,"column":18}},"loc":{"start":{"line":1,"column":46},"end":{"line":46,"column":3}},"line":1}},"branchMap":{"0":{"loc":{"start":{"line":5,"column":4},"end":{"line":40,"column":7}},"type":"switch","locations":[{"start":{"line":6,"column":6},"end":{"line":9,"column":14}},{"start":{"line":10,"column":6},"end":{"line":13,"column":13}}],"line":5}},"s":{"0":1,"1":2,"2":2,"3":2,"4":1,"5":1,"6":1,"7":0,"8":0,"9":0,"10":2,"11":2},"f":{"0":2},"b":{"0":[1,0]},"_coverageSchema":"1a1c01bbd47fc00a2c39e90264f33305004495a9","hash":"2ed3fcd312bd8d1b7d078038ce8c33589fa196f8"}
,"D:\\H8\\ask-dev\\SERVER\\models\\answer.js": {"path":"D:\\H8\\ask-dev\\SERVER\\models\\answer.js","statementMap":{"0":{"start":{"line":4,"column":4},"end":{"line":4,"column":24}},"1":{"start":{"line":5,"column":0},"end":{"line":34,"column":2}},"2":{"start":{"line":14,"column":6},"end":{"line":14,"column":59}},"3":{"start":{"line":15,"column":6},"end":{"line":15,"column":59}},"4":{"start":{"line":18,"column":2},"end":{"line":32,"column":5}},"5":{"start":{"line":33,"column":2},"end":{"line":33,"column":16}}},"fnMap":{"0":{"name":"(anonymous_0)","decl":{"start":{"line":5,"column":17},"end":{"line":5,"column":18}},"loc":{"start":{"line":5,"column":43},"end":{"line":34,"column":1}},"line":5},"1":{"name":"(anonymous_1)","decl":{"start":{"line":12,"column":4},"end":{"line":12,"column":5}},"loc":{"start":{"line":12,"column":29},"end":{"line":16,"column":5}},"line":12}},"branchMap":{},"s":{"0":1,"1":1,"2":1,"3":1,"4":1,"5":1},"f":{"0":1,"1":1},"b":{},"_coverageSchema":"1a1c01bbd47fc00a2c39e90264f33305004495a9","hash":"125489a92ad550f1a042c9279fd8cb98715c0ab4"}
,"D:\\H8\\ask-dev\\SERVER\\models\\index.js": {"path":"D:\\H8\\ask-dev\\SERVER\\models\\index.js","statementMap":{"0":{"start":{"line":3,"column":11},"end":{"line":3,"column":24}},"1":{"start":{"line":4,"column":13},"end":{"line":4,"column":28}},"2":{"start":{"line":5,"column":18},"end":{"line":5,"column":38}},"3":{"start":{"line":6,"column":17},"end":{"line":6,"column":42}},"4":{"start":{"line":7,"column":12},"end":{"line":7,"column":49}},"5":{"start":{"line":8,"column":15},"end":{"line":8,"column":65}},"6":{"start":{"line":9,"column":11},"end":{"line":9,"column":13}},"7":{"start":{"line":12,"column":0},"end":{"line":16,"column":1}},"8":{"start":{"line":13,"column":2},"end":{"line":13,"column":74}},"9":{"start":{"line":15,"column":2},"end":{"line":15,"column":87}},"10":{"start":{"line":18,"column":0},"end":{"line":26,"column":5}},"11":{"start":{"line":21,"column":4},"end":{"line":21,"column":90}},"12":{"start":{"line":24,"column":18},"end":{"line":24,"column":85}},"13":{"start":{"line":25,"column":4},"end":{"line":25,"column":27}},"14":{"start":{"line":28,"column":0},"end":{"line":32,"column":3}},"15":{"start":{"line":29,"column":2},"end":{"line":31,"column":3}},"16":{"start":{"line":30,"column":4},"end":{"line":30,"column":32}},"17":{"start":{"line":34,"column":0},"end":{"line":34,"column":25}},"18":{"start":{"line":35,"column":0},"end":{"line":35,"column":25}},"19":{"start":{"line":37,"column":0},"end":{"line":37,"column":20}}},"fnMap":{"0":{"name":"(anonymous_0)","decl":{"start":{"line":20,"column":10},"end":{"line":20,"column":11}},"loc":{"start":{"line":20,"column":18},"end":{"line":22,"column":3}},"line":20},"1":{"name":"(anonymous_1)","decl":{"start":{"line":23,"column":11},"end":{"line":23,"column":12}},"loc":{"start":{"line":23,"column":19},"end":{"line":26,"column":3}},"line":23},"2":{"name":"(anonymous_2)","decl":{"start":{"line":28,"column":24},"end":{"line":28,"column":25}},"loc":{"start":{"line":28,"column":37},"end":{"line":32,"column":1}},"line":28}},"branchMap":{"0":{"loc":{"start":{"line":7,"column":12},"end":{"line":7,"column":49}},"type":"binary-expr","locations":[{"start":{"line":7,"column":12},"end":{"line":7,"column":32}},{"start":{"line":7,"column":36},"end":{"line":7,"column":49}}],"line":7},"1":{"loc":{"start":{"line":12,"column":0},"end":{"line":16,"column":1}},"type":"if","locations":[{"start":{"line":12,"column":0},"end":{"line":16,"column":1}},{"start":{"line":12,"column":0},"end":{"line":16,"column":1}}],"line":12},"2":{"loc":{"start":{"line":21,"column":11},"end":{"line":21,"column":89}},"type":"binary-expr","locations":[{"start":{"line":21,"column":12},"end":{"line":21,"column":35}},{"start":{"line":21,"column":41},"end":{"line":21,"column":58}},{"start":{"line":21,"column":64},"end":{"line":21,"column":88}}],"line":21},"3":{"loc":{"start":{"line":29,"column":2},"end":{"line":31,"column":3}},"type":"if","locations":[{"start":{"line":29,"column":2},"end":{"line":31,"column":3}},{"start":{"line":29,"column":2},"end":{"line":31,"column":3}}],"line":29}},"s":{"0":1,"1":1,"2":1,"3":1,"4":1,"5":1,"6":1,"7":1,"8":0,"9":1,"10":1,"11":4,"12":3,"13":3,"14":1,"15":3,"16":3,"17":1,"18":1,"19":1},"f":{"0":4,"1":3,"2":3},"b":{"0":[1,0],"1":[0,1],"2":[4,4,3],"3":[3,0]},"_coverageSchema":"1a1c01bbd47fc00a2c39e90264f33305004495a9","hash":"381b382b0360e47c7bd9be39c7aa93ea67002a54"}
,"D:\\H8\\ask-dev\\SERVER\\models\\post.js": {"path":"D:\\H8\\ask-dev\\SERVER\\models\\post.js","statementMap":{"0":{"start":{"line":4,"column":4},"end":{"line":4,"column":24}},"1":{"start":{"line":5,"column":0},"end":{"line":42,"column":2}},"2":{"start":{"line":14,"column":6},"end":{"line":14,"column":57}},"3":{"start":{"line":15,"column":6},"end":{"line":15,"column":57}},"4":{"start":{"line":18,"column":2},"end":{"line":40,"column":5}},"5":{"start":{"line":41,"column":2},"end":{"line":41,"column":14}}},"fnMap":{"0":{"name":"(anonymous_0)","decl":{"start":{"line":5,"column":17},"end":{"line":5,"column":18}},"loc":{"start":{"line":5,"column":43},"end":{"line":42,"column":1}},"line":5},"1":{"name":"(anonymous_1)","decl":{"start":{"line":12,"column":4},"end":{"line":12,"column":5}},"loc":{"start":{"line":12,"column":29},"end":{"line":16,"column":5}},"line":12}},"branchMap":{},"s":{"0":1,"1":1,"2":1,"3":1,"4":1,"5":1},"f":{"0":1,"1":1},"b":{},"_coverageSchema":"1a1c01bbd47fc00a2c39e90264f33305004495a9","hash":"3fac0b13d2bc2345def02363c3dc88144d06f471"}
,"D:\\H8\\ask-dev\\SERVER\\models\\user.js": {"path":"D:\\H8\\ask-dev\\SERVER\\models\\user.js","statementMap":{"0":{"start":{"line":2,"column":18},"end":{"line":2,"column":38}},"1":{"start":{"line":3,"column":18},"end":{"line":7,"column":1}},"2":{"start":{"line":8,"column":0},"end":{"line":53,"column":2}},"3":{"start":{"line":17,"column":6},"end":{"line":17,"column":58}},"4":{"start":{"line":18,"column":6},"end":{"line":18,"column":60}},"5":{"start":{"line":21,"column":2},"end":{"line":51,"column":4}},"6":{"start":{"line":40,"column":10},"end":{"line":44,"column":11}},"7":{"start":{"line":41,"column":12},"end":{"line":41,"column":38}},"8":{"start":{"line":43,"column":12},"end":{"line":43,"column":33}},"9":{"start":{"line":45,"column":10},"end":{"line":47,"column":11}},"10":{"start":{"line":46,"column":12},"end":{"line":46,"column":52}},"11":{"start":{"line":52,"column":2},"end":{"line":52,"column":14}}},"fnMap":{"0":{"name":"(anonymous_0)","decl":{"start":{"line":8,"column":17},"end":{"line":8,"column":18}},"loc":{"start":{"line":8,"column":43},"end":{"line":53,"column":1}},"line":8},"1":{"name":"(anonymous_1)","decl":{"start":{"line":15,"column":4},"end":{"line":15,"column":5}},"loc":{"start":{"line":15,"column":29},"end":{"line":19,"column":5}},"line":15},"2":{"name":"(anonymous_2)","decl":{"start":{"line":39,"column":8},"end":{"line":39,"column":9}},"loc":{"start":{"line":39,"column":27},"end":{"line":48,"column":9}},"line":39}},"branchMap":{"0":{"loc":{"start":{"line":40,"column":10},"end":{"line":44,"column":11}},"type":"if","locations":[{"start":{"line":40,"column":10},"end":{"line":44,"column":11}},{"start":{"line":40,"column":10},"end":{"line":44,"column":11}}],"line":40},"1":{"loc":{"start":{"line":45,"column":10},"end":{"line":47,"column":11}},"type":"if","locations":[{"start":{"line":45,"column":10},"end":{"line":47,"column":11}},{"start":{"line":45,"column":10},"end":{"line":47,"column":11}}],"line":45}},"s":{"0":1,"1":1,"2":1,"3":1,"4":1,"5":1,"6":0,"7":0,"8":0,"9":0,"10":0,"11":1},"f":{"0":1,"1":1,"2":0},"b":{"0":[0,0],"1":[0,0]},"_coverageSchema":"1a1c01bbd47fc00a2c39e90264f33305004495a9","hash":"90759f3ffc4aa1c79cdc616e71e6fa3ac46bdea1"}
,"D:\\H8\\ask-dev\\SERVER\\routes\\answerRoute.js": {"path":"D:\\H8\\ask-dev\\SERVER\\routes\\answerRoute.js","statementMap":{"0":{"start":{"line":1,"column":16},"end":{"line":1,"column":34}},"1":{"start":{"line":2,"column":15},"end":{"line":2,"column":31}},"2":{"start":{"line":3,"column":25},"end":{"line":3,"column":67}},"3":{"start":{"line":4,"column":23},"end":{"line":4,"column":64}},"4":{"start":{"line":6,"column":0},"end":{"line":6,"column":51}},"5":{"start":{"line":7,"column":0},"end":{"line":7,"column":59}},"6":{"start":{"line":8,"column":0},"end":{"line":8,"column":26}},"7":{"start":{"line":9,"column":0},"end":{"line":9,"column":56}},"8":{"start":{"line":10,"column":0},"end":{"line":10,"column":55}},"9":{"start":{"line":11,"column":0},"end":{"line":11,"column":61}},"10":{"start":{"line":13,"column":0},"end":{"line":13,"column":23}}},"fnMap":{},"branchMap":{},"s":{"0":1,"1":1,"2":1,"3":1,"4":1,"5":1,"6":1,"7":1,"8":1,"9":1,"10":1},"f":{},"b":{},"_coverageSchema":"1a1c01bbd47fc00a2c39e90264f33305004495a9","hash":"e87f7a2be80940212862d1f987e0f185d21dd44d"}
,"D:\\H8\\ask-dev\\SERVER\\routes\\index.js": {"path":"D:\\H8\\ask-dev\\SERVER\\routes\\index.js","statementMap":{"0":{"start":{"line":1,"column":15},"end":{"line":1,"column":42}},"1":{"start":{"line":2,"column":18},"end":{"line":2,"column":40}},"2":{"start":{"line":3,"column":20},"end":{"line":3,"column":44}},"3":{"start":{"line":4,"column":18},"end":{"line":4,"column":40}},"4":{"start":{"line":6,"column":0},"end":{"line":6,"column":30}},"5":{"start":{"line":7,"column":0},"end":{"line":7,"column":30}},"6":{"start":{"line":8,"column":0},"end":{"line":8,"column":35}},"7":{"start":{"line":11,"column":0},"end":{"line":11,"column":23}}},"fnMap":{},"branchMap":{},"s":{"0":1,"1":1,"2":1,"3":1,"4":1,"5":1,"6":1,"7":1},"f":{},"b":{},"_coverageSchema":"1a1c01bbd47fc00a2c39e90264f33305004495a9","hash":"03fa0eaa7d3cc2e380e8920c097b47deedd80212"}
,"D:\\H8\\ask-dev\\SERVER\\routes\\postRoute.js": {"path":"D:\\H8\\ask-dev\\SERVER\\routes\\postRoute.js","statementMap":{"0":{"start":{"line":1,"column":14},"end":{"line":1,"column":41}},"1":{"start":{"line":2,"column":23},"end":{"line":2,"column":63}},"2":{"start":{"line":3,"column":23},"end":{"line":3,"column":64}},"3":{"start":{"line":5,"column":0},"end":{"line":5,"column":37}},"4":{"start":{"line":6,"column":0},"end":{"line":6,"column":52}},"5":{"start":{"line":7,"column":0},"end":{"line":7,"column":45}},"6":{"start":{"line":8,"column":0},"end":{"line":8,"column":25}},"7":{"start":{"line":9,"column":0},"end":{"line":9,"column":38}},"8":{"start":{"line":10,"column":0},"end":{"line":10,"column":44}},"9":{"start":{"line":11,"column":0},"end":{"line":11,"column":47}},"10":{"start":{"line":13,"column":0},"end":{"line":13,"column":22}}},"fnMap":{},"branchMap":{},"s":{"0":1,"1":1,"2":1,"3":1,"4":1,"5":1,"6":1,"7":1,"8":1,"9":1,"10":1},"f":{},"b":{},"_coverageSchema":"1a1c01bbd47fc00a2c39e90264f33305004495a9","hash":"5283b42192f5023e807a0912a8cebbe85e426276"}
,"D:\\H8\\ask-dev\\SERVER\\routes\\userRoute.js": {"path":"D:\\H8\\ask-dev\\SERVER\\routes\\userRoute.js","statementMap":{"0":{"start":{"line":1,"column":14},"end":{"line":1,"column":41}},"1":{"start":{"line":2,"column":23},"end":{"line":2,"column":63}},"2":{"start":{"line":3,"column":23},"end":{"line":3,"column":64}},"3":{"start":{"line":5,"column":0},"end":{"line":5,"column":54}},"4":{"start":{"line":6,"column":0},"end":{"line":6,"column":55}},"5":{"start":{"line":7,"column":0},"end":{"line":7,"column":53}},"6":{"start":{"line":9,"column":0},"end":{"line":9,"column":25}},"7":{"start":{"line":10,"column":0},"end":{"line":10,"column":62}},"8":{"start":{"line":12,"column":0},"end":{"line":12,"column":22}}},"fnMap":{},"branchMap":{},"s":{"0":1,"1":1,"2":1,"3":1,"4":1,"5":1,"6":1,"7":1,"8":1},"f":{},"b":{},"_coverageSchema":"1a1c01bbd47fc00a2c39e90264f33305004495a9","hash":"f78401d370b172cf7290733b8ba8f5aa1ca6fa13"}
}
