TN:
SF:app.js
FNF:0
FNH:0
DA:1,3
DA:2,3
DA:4,3
DA:5,3
DA:6,3
DA:7,3
DA:8,3
DA:9,3
DA:10,3
DA:11,3
DA:12,3
DA:13,3
DA:15,3
LF:13
LH:13
BRDA:1,0,0,3
BRDA:1,0,1,0
BRF:2
BRH:1
end_of_record
TN:
SF:controllers/answerController.js
FN:4,(anonymous_0)
FN:11,(anonymous_1)
FN:14,(anonymous_2)
FN:19,(anonymous_3)
FN:26,(anonymous_4)
FN:29,(anonymous_5)
FN:34,(anonymous_6)
FN:50,(anonymous_7)
FN:53,(anonymous_8)
FN:58,(anonymous_9)
FN:66,(anonymous_10)
FN:69,(anonymous_11)
FN:74,(anonymous_12)
FN:82,(anonymous_13)
FN:86,(anonymous_14)
FNF:15
FNH:10
FNDA:1,(anonymous_0)
FNDA:1,(anonymous_1)
FNDA:0,(anonymous_2)
FNDA:0,(anonymous_3)
FNDA:0,(anonymous_4)
FNDA:0,(anonymous_5)
FNDA:4,(anonymous_6)
FNDA:2,(anonymous_7)
FNDA:2,(anonymous_8)
FNDA:4,(anonymous_9)
FNDA:2,(anonymous_10)
FNDA:2,(anonymous_11)
FNDA:1,(anonymous_12)
FNDA:1,(anonymous_13)
FNDA:0,(anonymous_14)
DA:1,3
DA:5,1
DA:12,1
DA:15,0
DA:20,0
DA:27,0
DA:30,0
DA:35,4
DA:38,4
DA:51,2
DA:54,2
DA:59,4
DA:61,4
DA:67,2
DA:70,2
DA:75,1
DA:84,1
DA:87,0
DA:92,3
LF:19
LH:14
BRF:0
BRH:0
end_of_record
TN:
SF:controllers/postController.js
FN:4,(anonymous_0)
FN:26,(anonymous_1)
FN:44,(anonymous_2)
FN:67,(anonymous_3)
FN:82,(anonymous_4)
FN:107,(anonymous_5)
FNF:6
FNH:4
FNDA:1,(anonymous_0)
FNDA:0,(anonymous_1)
FNDA:0,(anonymous_2)
FNDA:7,(anonymous_3)
FNDA:6,(anonymous_4)
FNDA:1,(anonymous_5)
DA:1,3
DA:5,1
DA:6,1
DA:7,1
DA:21,1
DA:23,0
DA:27,0
DA:28,0
DA:29,0
DA:39,0
DA:41,0
DA:45,0
DA:46,0
DA:47,0
DA:48,0
DA:62,0
DA:64,0
DA:68,7
DA:69,7
DA:70,7
DA:71,7
DA:77,3
DA:79,4
DA:83,6
DA:84,6
DA:85,6
DA:86,6
DA:87,6
DA:101,2
DA:104,4
DA:108,1
DA:109,1
DA:110,1
DA:116,1
DA:119,3
LF:35
LH:23
BRF:0
BRH:0
end_of_record
TN:
SF:controllers/userController.js
FN:8,(anonymous_0)
FN:45,(anonymous_1)
FNF:2
FNH:1
FNDA:0,(anonymous_0)
FNDA:1,(anonymous_1)
DA:1,3
DA:2,3
DA:3,3
DA:4,3
DA:5,3
DA:9,0
DA:10,0
DA:14,0
DA:15,0
DA:20,0
DA:21,0
DA:27,0
DA:29,0
DA:33,0
DA:39,0
DA:42,0
DA:46,1
DA:47,1
DA:48,1
DA:49,1
DA:50,1
DA:58,1
DA:60,0
DA:65,3
LF:24
LH:12
BRDA:20,0,0,0
BRDA:20,0,1,0
BRF:2
BRH:0
end_of_record
TN:
SF:helper/jwt.js
FN:3,(anonymous_0)
FN:7,(anonymous_1)
FNF:2
FNH:2
FNDA:6,(anonymous_0)
FNDA:50,(anonymous_1)
DA:1,3
DA:4,6
DA:5,6
DA:8,50
DA:11,3
LF:5
LH:5
BRF:0
BRH:0
end_of_record
TN:
SF:midddlewares/authentication.js
FN:5,(anonymous_0)
FNF:1
FNH:1
FNDA:50,(anonymous_0)
DA:1,3
DA:2,3
DA:3,3
DA:5,3
DA:6,50
DA:7,50
DA:8,50
DA:9,50
DA:10,50
DA:11,0
DA:13,50
DA:16,0
DA:17,0
LF:13
LH:10
BRDA:10,0,0,0
BRDA:10,0,1,50
BRF:2
BRH:1
end_of_record
TN:
SF:midddlewares/errorHandler.js
FN:1,(anonymous_0)
FNF:1
FNH:1
FNDA:12,(anonymous_0)
DA:1,3
DA:2,12
DA:3,12
DA:4,12
DA:6,12
DA:7,12
DA:8,12
DA:10,0
DA:11,0
DA:12,0
DA:14,0
DA:16,0
DA:17,0
DA:18,0
DA:20,0
DA:21,0
DA:22,0
DA:24,0
DA:25,0
DA:26,0
DA:29,12
DA:31,12
LF:22
LH:9
BRDA:4,0,0,12
BRDA:4,0,1,0
BRDA:4,0,2,0
BRDA:4,0,3,0
BRDA:4,0,4,0
BRDA:10,1,0,0
BRDA:10,1,1,0
BRDA:29,2,0,12
BRDA:29,2,1,0
BRF:9
BRH:2
end_of_record
TN:
SF:models/answer.js
FN:5,(anonymous_0)
FN:12,(anonymous_1)
FNF:2
FNH:2
FNDA:3,(anonymous_0)
FNDA:3,(anonymous_1)
DA:4,3
DA:5,3
DA:14,3
DA:15,3
DA:18,3
DA:33,3
LF:6
LH:6
BRF:0
BRH:0
end_of_record
TN:
SF:models/index.js
FN:20,(anonymous_0)
FN:23,(anonymous_1)
FN:28,(anonymous_2)
FNF:3
FNH:3
FNDA:12,(anonymous_0)
FNDA:9,(anonymous_1)
FNDA:9,(anonymous_2)
DA:3,3
DA:4,3
DA:5,3
DA:6,3
DA:7,3
DA:8,3
DA:9,3
DA:12,3
DA:13,0
DA:15,3
DA:18,3
DA:21,12
DA:24,9
DA:25,9
DA:28,3
DA:29,9
DA:30,9
DA:34,3
DA:35,3
DA:37,3
LF:20
LH:19
BRDA:7,0,0,3
BRDA:7,0,1,0
BRDA:12,1,0,0
BRDA:12,1,1,3
BRDA:21,2,0,12
BRDA:21,2,1,12
BRDA:21,2,2,9
BRDA:29,3,0,9
BRDA:29,3,1,0
BRF:9
BRH:6
end_of_record
TN:
SF:models/post.js
FN:5,(anonymous_0)
FN:12,(anonymous_1)
FNF:2
FNH:2
FNDA:3,(anonymous_0)
FNDA:3,(anonymous_1)
DA:4,3
DA:5,3
DA:14,3
DA:15,3
DA:18,3
DA:41,3
LF:6
LH:6
BRF:0
BRH:0
end_of_record
TN:
SF:models/user.js
FN:6,(anonymous_0)
FN:13,(anonymous_1)
FN:30,(anonymous_2)
FNF:3
FNH:2
FNDA:3,(anonymous_0)
FNDA:3,(anonymous_1)
FNDA:0,(anonymous_2)
DA:2,3
DA:3,3
DA:6,3
DA:15,3
DA:16,3
DA:19,3
DA:31,0
DA:32,0
DA:34,0
DA:36,0
DA:37,0
DA:43,3
LF:12
LH:7
BRDA:31,0,0,0
BRDA:31,0,1,0
BRDA:36,1,0,0
BRDA:36,1,1,0
BRF:4
BRH:0
end_of_record
TN:
SF:routes/answerRoute.js
FNF:0
FNH:0
DA:1,3
DA:2,3
DA:3,3
DA:4,3
DA:6,3
DA:7,3
DA:8,3
DA:9,3
DA:10,3
DA:11,3
DA:13,3
LF:11
LH:11
BRF:0
BRH:0
end_of_record
TN:
SF:routes/index.js
FNF:0
FNH:0
DA:1,3
DA:2,3
DA:3,3
DA:4,3
DA:6,3
DA:7,3
DA:8,3
DA:11,3
LF:8
LH:8
BRF:0
BRH:0
end_of_record
TN:
SF:routes/postRoute.js
FNF:0
FNH:0
DA:1,3
DA:2,3
DA:3,3
DA:5,3
DA:6,3
DA:7,3
DA:8,3
DA:9,3
DA:10,3
DA:11,3
DA:13,3
LF:11
LH:11
BRF:0
BRH:0
end_of_record
TN:
SF:routes/userRoute.js
FNF:0
FNH:0
DA:1,3
DA:2,3
DA:3,3
DA:5,3
DA:6,3
DA:7,3
DA:9,3
LF:7
LH:7
BRF:0
BRH:0
end_of_record
